<?xml version="1.0" encoding="UTF-8"?>
<!-- Generated by org.testng.reporters.JUnitXMLReporter -->
<testsuite hostname="Administrators-Mac-mini.local" ignored="0" name="Default test" tests="3" failures="0" timestamp="17 Oct 2018 11:51:45 GMT" time="110.22" errors="0">
  <testcase name="signup" time="10.499" classname="Test_Cases.jetsetter_activation"/>
  <testcase name="userprofile" time="66.312" classname="Test_Cases.jetsetter_activation"/>
  <testcase name="addcard" time="26.038" classname="Test_Cases.jetsetter_activation"/>
</testsuite> <!-- Default test -->
