<?xml version="1.0" encoding="UTF-8"?>
<testng-results skipped="0" failed="0" ignored="0" total="2" passed="2">
  <reporter-output>
  </reporter-output>
  <suite name="Default suite" duration-ms="99359" started-at="2018-10-08T09:10:39Z" finished-at="2018-10-08T09:12:18Z">
    <groups>
    </groups>
    <test name="Default test" duration-ms="99359" started-at="2018-10-08T09:10:39Z" finished-at="2018-10-08T09:12:18Z">
      <class name="Test_Cases.roundtrip_search">
        <test-method status="PASS" signature="openbrowser()[pri:0, instance:Test_Cases.roundtrip_search@475530b9]" name="openbrowser" is-config="true" duration-ms="1421" started-at="2018-10-08T09:10:39Z" finished-at="2018-10-08T09:10:40Z">
          <reporter-output>
          </reporter-output>
        </test-method> <!-- openbrowser -->
        <test-method status="PASS" signature="search(java.lang.String, java.lang.String, java.lang.String, java.lang.String, java.lang.String, java.lang.String, java.lang.String)[pri:0, instance:Test_Cases.roundtrip_search@475530b9]" name="search" duration-ms="50780" started-at="2018-10-08T09:10:40Z" data-provider="roundtripsearch" finished-at="2018-10-08T09:11:31Z">
          <params>
            <param index="0">
              <value>
                <![CDATA[LOS ANGELES INTL]]>
              </value>
            </param>
            <param index="1">
              <value>
                <![CDATA[JOHN F KENNEDY INTL]]>
              </value>
            </param>
            <param index="2">
              <value>
                <![CDATA[October 11, 2018]]>
              </value>
            </param>
            <param index="3">
              <value>
                <![CDATA[10:00 PM]]>
              </value>
            </param>
            <param index="4">
              <value>
                <![CDATA[8]]>
              </value>
            </param>
            <param index="5">
              <value>
                <![CDATA[October 12, 2018]]>
              </value>
            </param>
            <param index="6">
              <value>
                <![CDATA[11:00 PM]]>
              </value>
            </param>
          </params>
          <reporter-output>
          </reporter-output>
        </test-method> <!-- search -->
        <test-method status="PASS" signature="search(java.lang.String, java.lang.String, java.lang.String, java.lang.String, java.lang.String, java.lang.String, java.lang.String)[pri:0, instance:Test_Cases.roundtrip_search@475530b9]" name="search" duration-ms="46987" started-at="2018-10-08T09:11:31Z" data-provider="roundtripsearch" finished-at="2018-10-08T09:12:18Z">
          <params>
            <param index="0">
              <value>
                <![CDATA[LOS ANGELES INTL]]>
              </value>
            </param>
            <param index="1">
              <value>
                <![CDATA[JOHN F KENNEDY INTL]]>
              </value>
            </param>
            <param index="2">
              <value>
                <![CDATA[October 13, 2018]]>
              </value>
            </param>
            <param index="3">
              <value>
                <![CDATA[10:00 PM]]>
              </value>
            </param>
            <param index="4">
              <value>
                <![CDATA[10]]>
              </value>
            </param>
            <param index="5">
              <value>
                <![CDATA[October 14, 2018]]>
              </value>
            </param>
            <param index="6">
              <value>
                <![CDATA[11:00 PM]]>
              </value>
            </param>
          </params>
          <reporter-output>
          </reporter-output>
        </test-method> <!-- search -->
        <test-method status="PASS" signature="browserclose()[pri:0, instance:Test_Cases.roundtrip_search@475530b9]" name="browserclose" is-config="true" duration-ms="129" started-at="2018-10-08T09:12:18Z" finished-at="2018-10-08T09:12:18Z">
          <reporter-output>
          </reporter-output>
        </test-method> <!-- browserclose -->
      </class> <!-- Test_Cases.roundtrip_search -->
    </test> <!-- Default test -->
  </suite> <!-- Default suite -->
</testng-results>
