<?xml version="1.0" encoding="UTF-8"?>
<!-- Generated by org.testng.reporters.JUnitXMLReporter -->
<testsuite hostname="Administrators-Mac-mini.local" ignored="0" name="Test" tests="4" failures="0" timestamp="08 Oct 2018 10:09:15 GMT" time="115.688" errors="0">
  <testcase name="search" time="50.306" classname="Test_Cases.roundtrip_search"/>
  <testcase name="search" time="67.719" classname="Test_Cases.oneway_search_test"/>
  <testcase name="search" time="39.615" classname="Test_Cases.roundtrip_search"/>
  <testcase name="search" time="45.369" classname="Test_Cases.oneway_search_test"/>
</testsuite> <!-- Test -->
