<?xml version="1.0" encoding="UTF-8"?>
<!-- Generated by org.testng.reporters.JUnitXMLReporter -->
<testsuite hostname="Administrators-Mac-mini.local" ignored="0" name="Test" tests="5" failures="0" timestamp="09 Oct 2018 12:06:52 GMT" time="111.257" errors="0">
  <testcase name="search" time="47.155" classname="Test_Cases.roundtrip_search"/>
  <testcase name="search" time="52.71" classname="Test_Cases.mutitrip_search"/>
  <testcase name="search" time="60.487" classname="Test_Cases.oneway_search_test"/>
  <testcase name="search" time="41.193" classname="Test_Cases.roundtrip_search"/>
  <testcase name="search" time="47.308" classname="Test_Cases.oneway_search_test"/>
</testsuite> <!-- Test -->
